<?xml version="1.0" encoding="UTF-8"?>
<!-- Generated by org.testng.reporters.JUnitXMLReporter -->
<testsuite hostname="IONDELWS770" name="Default test" tests="1" failures="1" timestamp="13 Apr 2021 20:42:55 GMT" time="0.473" errors="0">
  <testcase name="validateCreateMultipleNewContractTestLimitedValues" time="0.463" classname="com.crm.qa.tests.NewContactPageTest">
    <failure type="org.testng.TestNGException" message="
The data provider is trying to pass 4 parameters but the method com.crm.qa.tests.NewContactPageTest#validateCreateMultipleNewContractTestLimitedValues takes 1">
      <![CDATA[org.testng.TestNGException: 
The data provider is trying to pass 4 parameters but the method com.crm.qa.tests.NewContactPageTest#validateCreateMultipleNewContractTestLimitedValues takes 1
	at org.testng.internal.Invoker.injectParameters(Invoker.java:1231)
	at org.testng.internal.Invoker.invokeTestMethods(Invoker.java:1124)
	at org.testng.internal.TestMethodWorker.invokeTestMethods(TestMethodWorker.java:129)
	at org.testng.internal.TestMethodWorker.run(TestMethodWorker.java:112)
	at org.testng.TestRunner.privateRun(TestRunner.java:782)
	at org.testng.TestRunner.run(TestRunner.java:632)
	at org.testng.SuiteRunner.runTest(SuiteRunner.java:366)
	at org.testng.SuiteRunner.runSequentially(SuiteRunner.java:361)
	at org.testng.SuiteRunner.privateRun(SuiteRunner.java:319)
	at org.testng.SuiteRunner.run(SuiteRunner.java:268)
	at org.testng.SuiteRunnerWorker.runSuite(SuiteRunnerWorker.java:52)
	at org.testng.SuiteRunnerWorker.run(SuiteRunnerWorker.java:86)
	at org.testng.TestNG.runSuitesSequentially(TestNG.java:1244)
	at org.testng.TestNG.runSuitesLocally(TestNG.java:1169)
	at org.testng.TestNG.run(TestNG.java:1064)
	at org.testng.remote.RemoteTestNG.run(RemoteTestNG.java:113)
	at org.testng.remote.RemoteTestNG.initAndRun(RemoteTestNG.java:206)
	at org.testng.remote.RemoteTestNG.main(RemoteTestNG.java:177)
]]>
    </failure>
  </testcase> <!-- validateCreateMultipleNewContractTestLimitedValues -->
</testsuite> <!-- Default test -->
